Assembler report for a10s
Mon Dec 16 14:06:50 2019
Quartus Prime Version 18.1.0 Build 625 09/12/2018 SJ Standard Edition


---------------------
; Table of Contents ;
---------------------
  1. Legal Notice
  2. Assembler Summary
  3. Assembler Settings
  4. Assembler Encrypted IP Cores Summary
  5. Assembler Generated Files
  6. Assembler Device Options: D:/Tresorit/Robin/Studium/12_Semester/M_A/HAN_Quartus/a10s_ghrd/output_files/a10s.sof
  7. Assembler Device Options: D:/Tresorit/Robin/Studium/12_Semester/M_A/HAN_Quartus/a10s_ghrd/output_files/a10s.pof
  8. Assembler Messages



----------------
; Legal Notice ;
----------------
Copyright (C) 2018  Intel Corporation. All rights reserved.
Your use of Intel Corporation's design tools, logic functions 
and other software and tools, and its AMPP partner logic 
functions, and any output files from any of the foregoing 
(including device programming or simulation files), and any 
associated documentation or information are expressly subject 
to the terms and conditions of the Intel Program License 
Subscription Agreement, the Intel Quartus Prime License Agreement,
the Intel FPGA IP License Agreement, or other applicable license
agreement, including, without limitation, that your use is for
the sole purpose of programming logic devices manufactured by
Intel and sold by Intel or its authorized distributors.  Please
refer to the applicable agreement for further details.



+---------------------------------------------------------------+
; Assembler Summary                                             ;
+-----------------------+---------------------------------------+
; Assembler Status      ; Successful - Mon Dec 16 14:06:50 2019 ;
; Revision Name         ; a10s                                  ;
; Top-level Entity Name ; a10s                                  ;
; Family                ; Arria 10                              ;
; Device                ; 10AS066K3F40E2SG                      ;
+-----------------------+---------------------------------------+


+----------------------------------+
; Assembler Settings               ;
+--------+---------+---------------+
; Option ; Setting ; Default Value ;
+--------+---------+---------------+


+------------------------------------------------+
; Assembler Encrypted IP Cores Summary           ;
+--------+------------------------+--------------+
; Vendor ; IP Core Name           ; License Type ;
+--------+------------------------+--------------+
; Altera ; Signal Tap (6AF7 BCE1) ; Licensed     ;
; Altera ; Signal Tap (6AF7 BCEC) ; Licensed     ;
+--------+------------------------+--------------+


+---------------------------------------------------------------------------------------+
; Assembler Generated Files                                                             ;
+---------------------------------------------------------------------------------------+
; File Name                                                                             ;
+---------------------------------------------------------------------------------------+
; D:/Tresorit/Robin/Studium/12_Semester/M_A/HAN_Quartus/a10s_ghrd/output_files/a10s.sof ;
; D:/Tresorit/Robin/Studium/12_Semester/M_A/HAN_Quartus/a10s_ghrd/output_files/a10s.pof ;
+---------------------------------------------------------------------------------------+


+-----------------------------------------------------------------------------------------------------------------+
; Assembler Device Options: D:/Tresorit/Robin/Studium/12_Semester/M_A/HAN_Quartus/a10s_ghrd/output_files/a10s.sof ;
+----------------+------------------------------------------------------------------------------------------------+
; Option         ; Setting                                                                                        ;
+----------------+------------------------------------------------------------------------------------------------+
; JTAG usercode  ; 0xFFFFFFFF                                                                                     ;
; Checksum       ; 0x1CF9F750                                                                                     ;
+----------------+------------------------------------------------------------------------------------------------+


+-----------------------------------------------------------------------------------------------------------------+
; Assembler Device Options: D:/Tresorit/Robin/Studium/12_Semester/M_A/HAN_Quartus/a10s_ghrd/output_files/a10s.pof ;
+--------------------+--------------------------------------------------------------------------------------------+
; Option             ; Setting                                                                                    ;
+--------------------+--------------------------------------------------------------------------------------------+
; JTAG usercode      ; 0x00000000                                                                                 ;
; Checksum           ; 0x5CBE8278                                                                                 ;
; Compression Ratio  ; 2                                                                                          ;
+--------------------+--------------------------------------------------------------------------------------------+


+--------------------+
; Assembler Messages ;
+--------------------+
Info: *******************************************************************
Info: Running Quartus Prime Assembler
    Info: Version 18.1.0 Build 625 09/12/2018 SJ Standard Edition
    Info: Processing started: Mon Dec 16 14:05:50 2019
Info: Command: quartus_asm --read_settings_files=off --write_settings_files=off a10s -c a10s
Warning (18236): Number of processors has not been specified which may cause overloading on shared machines.  Set the global assignment NUM_PARALLEL_PROCESSORS in your QSF to an appropriate value for best performance.
Info: Quartus Prime Assembler was successful. 0 errors, 1 warning
    Info: Peak virtual memory: 10175 megabytes
    Info: Processing ended: Mon Dec 16 14:06:51 2019
    Info: Elapsed time: 00:01:01
    Info: Total CPU time (on all processors): 00:01:12


