Flow report for DE10STDrsyocto
Fri Dec 13 18:07:29 2019
Quartus Prime Version 18.1.0 Build 625 09/12/2018 SJ Lite Edition


---------------------
; Table of Contents ;
---------------------
  1. Legal Notice
  2. Flow Summary
  3. Flow Settings
  4. Flow Non-Default Global Settings
  5. Flow Elapsed Time
  6. Flow OS Summary
  7. Flow Log
  8. Flow Messages
  9. Flow Suppressed Messages



----------------
; Legal Notice ;
----------------
Copyright (C) 2018  Intel Corporation. All rights reserved.
Your use of Intel Corporation's design tools, logic functions 
and other software and tools, and its AMPP partner logic 
functions, and any output files from any of the foregoing 
(including device programming or simulation files), and any 
associated documentation or information are expressly subject 
to the terms and conditions of the Intel Program License 
Subscription Agreement, the Intel Quartus Prime License Agreement,
the Intel FPGA IP License Agreement, or other applicable license
agreement, including, without limitation, that your use is for
the sole purpose of programming logic devices manufactured by
Intel and sold by Intel or its authorized distributors.  Please
refer to the applicable agreement for further details.



+-------------------------------------------------------------------------------+
; Flow Summary                                                                  ;
+---------------------------------+---------------------------------------------+
; Flow Status                     ; Successful - Fri Dec 13 18:06:57 2019       ;
; Quartus Prime Version           ; 18.1.0 Build 625 09/12/2018 SJ Lite Edition ;
; Revision Name                   ; DE10STDrsyocto                              ;
; Top-level Entity Name           ; DE10STDrsyocto                              ;
; Family                          ; Cyclone V                                   ;
; Device                          ; 5CSXFC6D6F31C6                              ;
; Timing Models                   ; Final                                       ;
; Logic utilization (in ALMs)     ; 498 / 41,910 ( 1 % )                        ;
; Total registers                 ; 960                                         ;
; Total pins                      ; 240 / 499 ( 48 % )                          ;
; Total virtual pins              ; 0                                           ;
; Total block memory bits         ; 0 / 5,662,720 ( 0 % )                       ;
; Total DSP Blocks                ; 0 / 112 ( 0 % )                             ;
; Total HSSI RX PCSs              ; 0 / 9 ( 0 % )                               ;
; Total HSSI PMA RX Deserializers ; 0 / 9 ( 0 % )                               ;
; Total HSSI TX PCSs              ; 0 / 9 ( 0 % )                               ;
; Total HSSI PMA TX Serializers   ; 0 / 9 ( 0 % )                               ;
; Total PLLs                      ; 0 / 15 ( 0 % )                              ;
; Total DLLs                      ; 1 / 4 ( 25 % )                              ;
+---------------------------------+---------------------------------------------+


+-----------------------------------------+
; Flow Settings                           ;
+-------------------+---------------------+
; Option            ; Setting             ;
+-------------------+---------------------+
; Start date & time ; 12/13/2019 18:02:47 ;
; Main task         ; Compilation         ;
; Revision Name     ; DE10STDrsyocto      ;
+-------------------+---------------------+


+---------------------------------------------------------------------------------------------------------------------------+
; Flow Non-Default Global Settings                                                                                          ;
+---------------------------------------+----------------------------------------+---------------+-------------+------------+
; Assignment Name                       ; Value                                  ; Default Value ; Entity Name ; Section Id ;
+---------------------------------------+----------------------------------------+---------------+-------------+------------+
; COMPILER_SIGNATURE_ID                 ; 255543657905904.157625656409464        ; --            ; --          ; --         ;
; ECO_REGENERATE_REPORT                 ; On                                     ; Off           ; --          ; --         ;
; MAX_CORE_JUNCTION_TEMP                ; 85                                     ; --            ; --          ; --         ;
; MIN_CORE_JUNCTION_TEMP                ; 0                                      ; --            ; --          ; --         ;
; PARTITION_COLOR                       ; -- (Not supported for targeted family) ; --            ; --          ; Top        ;
; PARTITION_FITTER_PRESERVATION_LEVEL   ; -- (Not supported for targeted family) ; --            ; --          ; Top        ;
; PARTITION_NETLIST_TYPE                ; -- (Not supported for targeted family) ; --            ; --          ; Top        ;
; POWER_BOARD_THERMAL_MODEL             ; None (CONSERVATIVE)                    ; --            ; --          ; --         ;
; POWER_PRESET_COOLING_SOLUTION         ; 23 MM HEAT SINK WITH 200 LFPM AIRFLOW  ; --            ; --          ; --         ;
; USE_DLL_FREQUENCY_FOR_DQS_DELAY_CHAIN ; On                                     ; Off           ; --          ; --         ;
+---------------------------------------+----------------------------------------+---------------+-------------+------------+


+--------------------------------------------------------------------------------------------------------------------------+
; Flow Elapsed Time                                                                                                        ;
+----------------------+--------------+-------------------------+---------------------+------------------------------------+
; Module Name          ; Elapsed Time ; Average Processors Used ; Peak Virtual Memory ; Total CPU Time (on all processors) ;
+----------------------+--------------+-------------------------+---------------------+------------------------------------+
; Analysis & Synthesis ; 00:01:50     ; 1.0                     ; 5119 MB             ; 00:02:57                           ;
; Fitter               ; 00:02:07     ; 1.1                     ; 7480 MB             ; 00:04:35                           ;
; Assembler            ; 00:00:09     ; 1.0                     ; 4877 MB             ; 00:00:09                           ;
; Timing Analyzer      ; 00:00:31     ; 1.1                     ; 5593 MB             ; 00:00:32                           ;
; Total                ; 00:04:37     ; --                      ; --                  ; 00:08:13                           ;
+----------------------+--------------+-------------------------+---------------------+------------------------------------+


+-------------------------------------------------------------------------------------+
; Flow OS Summary                                                                     ;
+----------------------+-------------------+------------+------------+----------------+
; Module Name          ; Machine Hostname  ; OS Name    ; OS Version ; Processor type ;
+----------------------+-------------------+------------+------------+----------------+
; Analysis & Synthesis ; robsebThinkPadP52 ; Windows 10 ; 10.0       ; x86_64         ;
; Fitter               ; robsebThinkPadP52 ; Windows 10 ; 10.0       ; x86_64         ;
; Assembler            ; robsebThinkPadP52 ; Windows 10 ; 10.0       ; x86_64         ;
; Timing Analyzer      ; robsebThinkPadP52 ; Windows 10 ; 10.0       ; x86_64         ;
+----------------------+-------------------+------------+------------+----------------+


------------
; Flow Log ;
------------
quartus_map --read_settings_files=on --write_settings_files=off DE10STDrsyocto -c DE10STDrsyocto
quartus_fit --read_settings_files=off --write_settings_files=off DE10STDrsyocto -c DE10STDrsyocto
quartus_asm --read_settings_files=off --write_settings_files=off DE10STDrsyocto -c DE10STDrsyocto
quartus_sta DE10STDrsyocto -c DE10STDrsyocto



